2019-10-22 22:17:33.351 DEBUG 8560 --- [background-preinit] .h.v.m.ResourceBundleMessageInterpolator : Loaded expression factory via original TCCL
2019-10-22 22:17:33.648 DEBUG 8560 --- [background-preinit] o.h.v.i.engine.ValidatorFactoryImpl      : HV000234: Using org.hibernate.validator.messageinterpolation.ResourceBundleMessageInterpolator as ValidatorFactory-scoped message interpolator.
2019-10-22 22:17:33.648 DEBUG 8560 --- [background-preinit] o.h.v.i.engine.ValidatorFactoryImpl      : HV000234: Using org.hibernate.validator.internal.engine.resolver.JPATraversableResolver as ValidatorFactory-scoped traversable resolver.
2019-10-22 22:17:33.648 DEBUG 8560 --- [background-preinit] o.h.v.i.engine.ValidatorFactoryImpl      : HV000234: Using org.hibernate.validator.internal.util.ExecutableParameterNameProvider as ValidatorFactory-scoped parameter name provider.
2019-10-22 22:17:33.648 DEBUG 8560 --- [background-preinit] o.h.v.i.engine.ValidatorFactoryImpl      : HV000234: Using org.hibernate.validator.internal.engine.DefaultClockProvider as ValidatorFactory-scoped clock provider.
2019-10-22 22:17:33.648 DEBUG 8560 --- [background-preinit] o.h.v.i.engine.ValidatorFactoryImpl      : HV000234: Using org.hibernate.validator.internal.engine.scripting.DefaultScriptEvaluatorFactory as ValidatorFactory-scoped script evaluator factory.
2019-10-22 22:17:34.368  INFO 8560 --- [main] c.t.p.c.ParkingLotControllerTest         : Starting ParkingLotControllerTest on artiele with PID 8560 (started by lartiend in C:\Users\lartiend\Desktop\Parking-Lot-Template-2019-10-11-2-23-48-95)
2019-10-22 22:17:34.368  INFO 8560 --- [main] c.t.p.c.ParkingLotControllerTest         : The following profiles are active: test
2019-10-22 22:17:34.509 DEBUG 8560 --- [main] o.s.w.c.s.GenericWebApplicationContext   : Refreshing org.springframework.web.context.support.GenericWebApplicationContext@525575
2019-10-22 22:17:42.300 DEBUG 8560 --- [main] o.h.v.i.e.resolver.TraversableResolvers  : Found javax.persistence.Persistence on classpath containing 'getPersistenceUtil'. Assuming JPA 2 environment. Trying to instantiate JPA aware TraversableResolver
2019-10-22 22:17:42.301 DEBUG 8560 --- [main] o.h.v.i.e.resolver.TraversableResolvers  : Instantiated JPA aware TraversableResolver of type org.hibernate.validator.internal.engine.resolver.JPATraversableResolver.
2019-10-22 22:17:42.302 DEBUG 8560 --- [main] .h.v.m.ResourceBundleMessageInterpolator : Loaded expression factory via original TCCL
2019-10-22 22:17:42.315 DEBUG 8560 --- [main] o.h.v.i.e.resolver.TraversableResolvers  : Found javax.persistence.Persistence on classpath containing 'getPersistenceUtil'. Assuming JPA 2 environment. Trying to instantiate JPA aware TraversableResolver
2019-10-22 22:17:42.316 DEBUG 8560 --- [main] o.h.v.i.e.resolver.TraversableResolvers  : Instantiated JPA aware TraversableResolver of type org.hibernate.validator.internal.engine.resolver.JPATraversableResolver.
2019-10-22 22:17:42.318 DEBUG 8560 --- [main] o.h.v.internal.engine.ConfigurationImpl  : Setting custom MessageInterpolator of type org.springframework.validation.beanvalidation.LocaleContextMessageInterpolator
2019-10-22 22:17:42.319 DEBUG 8560 --- [main] o.h.v.internal.engine.ConfigurationImpl  : Setting custom ConstraintValidatorFactory of type org.springframework.validation.beanvalidation.SpringConstraintValidatorFactory
2019-10-22 22:17:42.320 DEBUG 8560 --- [main] o.h.v.internal.engine.ConfigurationImpl  : Setting custom ParameterNameProvider of type org.springframework.validation.beanvalidation.LocalValidatorFactoryBean$1
2019-10-22 22:17:42.322 DEBUG 8560 --- [main] o.h.v.i.xml.config.ValidationXmlParser   : Trying to load META-INF/validation.xml for XML based Validator configuration.
2019-10-22 22:17:42.322 DEBUG 8560 --- [main] o.h.v.i.xml.config.ResourceLoaderHelper  : Trying to load META-INF/validation.xml via user class loader
2019-10-22 22:17:42.323 DEBUG 8560 --- [main] o.h.v.i.xml.config.ResourceLoaderHelper  : Trying to load META-INF/validation.xml via TCCL
2019-10-22 22:17:42.324 DEBUG 8560 --- [main] o.h.v.i.xml.config.ResourceLoaderHelper  : Trying to load META-INF/validation.xml via Hibernate Validator's class loader
2019-10-22 22:17:42.324 DEBUG 8560 --- [main] o.h.v.i.xml.config.ValidationXmlParser   : No META-INF/validation.xml found. Using annotation based configuration only.
2019-10-22 22:17:42.334 DEBUG 8560 --- [main] o.h.v.i.engine.ValidatorFactoryImpl      : HV000234: Using org.springframework.validation.beanvalidation.LocaleContextMessageInterpolator as ValidatorFactory-scoped message interpolator.
2019-10-22 22:17:42.334 DEBUG 8560 --- [main] o.h.v.i.engine.ValidatorFactoryImpl      : HV000234: Using org.hibernate.validator.internal.engine.resolver.JPATraversableResolver as ValidatorFactory-scoped traversable resolver.
2019-10-22 22:17:42.335 DEBUG 8560 --- [main] o.h.v.i.engine.ValidatorFactoryImpl      : HV000234: Using org.hibernate.validator.internal.util.ExecutableParameterNameProvider as ValidatorFactory-scoped parameter name provider.
2019-10-22 22:17:42.336 DEBUG 8560 --- [main] o.h.v.i.engine.ValidatorFactoryImpl      : HV000234: Using org.hibernate.validator.internal.engine.DefaultClockProvider as ValidatorFactory-scoped clock provider.
2019-10-22 22:17:42.336 DEBUG 8560 --- [main] o.h.v.i.engine.ValidatorFactoryImpl      : HV000234: Using org.hibernate.validator.internal.engine.scripting.DefaultScriptEvaluatorFactory as ValidatorFactory-scoped script evaluator factory.
2019-10-22 22:17:42.726 DEBUG 8560 --- [main] o.s.w.s.handler.SimpleUrlHandlerMapping  : Patterns [/**/favicon.ico] in 'faviconHandlerMapping'
2019-10-22 22:17:43.464  INFO 8560 --- [main] o.s.s.concurrent.ThreadPoolTaskExecutor  : Initializing ExecutorService 'applicationTaskExecutor'
2019-10-22 22:17:43.510 DEBUG 8560 --- [main] s.w.s.m.m.a.RequestMappingHandlerAdapter : ControllerAdvice beans: 0 @ModelAttribute, 0 @InitBinder, 1 RequestBodyAdvice, 1 ResponseBodyAdvice
2019-10-22 22:17:43.682 DEBUG 8560 --- [main] s.w.s.m.m.a.RequestMappingHandlerMapping : 8 mappings in 'requestMappingHandlerMapping'
2019-10-22 22:17:43.729 DEBUG 8560 --- [main] o.s.w.s.handler.SimpleUrlHandlerMapping  : Patterns [/webjars/**, /**] in 'resourceHandlerMapping'
2019-10-22 22:17:43.745 DEBUG 8560 --- [main] .m.m.a.ExceptionHandlerExceptionResolver : ControllerAdvice beans: 1 @ExceptionHandler, 1 ResponseBodyAdvice
2019-10-22 22:17:43.932  INFO 8560 --- [main] o.s.b.t.m.w.SpringBootMockServletContext : Initializing Spring TestDispatcherServlet ''
2019-10-22 22:17:43.932  INFO 8560 --- [main] o.s.t.web.servlet.TestDispatcherServlet  : Initializing Servlet ''
2019-10-22 22:17:43.948  INFO 8560 --- [main] o.s.t.web.servlet.TestDispatcherServlet  : Completed initialization in 16 ms
2019-10-22 22:17:44.010  INFO 8560 --- [main] c.t.p.c.ParkingLotControllerTest         : Started ParkingLotControllerTest in 12.58 seconds (JVM running for 18.232)
2019-10-22 22:17:44.260 DEBUG 8560 --- [main] s.w.s.m.m.a.RequestMappingHandlerMapping : Mapped to public com.thoughtworks.parking_lot.entity.ParkingLot com.thoughtworks.parking_lot.controller.ParkingLotController.saveParkingLot(com.thoughtworks.parking_lot.entity.ParkingLot) throws javax.transaction.NotSupportedException
2019-10-22 22:17:44.526 DEBUG 8560 --- [main] m.m.a.RequestResponseBodyMethodProcessor : Read "application/json" to [com.thoughtworks.parking_lot.entity.ParkingLot@6af5bbd0]
2019-10-22 22:17:44.635 DEBUG 8560 --- [Thread-2] o.s.w.c.s.GenericWebApplicationContext   : Closing org.springframework.web.context.support.GenericWebApplicationContext@525575, started on Tue Oct 22 22:17:34 SGT 2019
2019-10-22 22:17:44.635  INFO 8560 --- [Thread-2] o.s.s.concurrent.ThreadPoolTaskExecutor  : Shutting down ExecutorService 'applicationTaskExecutor'
2019-10-22 22:24:52.148 DEBUG 16228 --- [background-preinit] .h.v.m.ResourceBundleMessageInterpolator : Loaded expression factory via original TCCL
2019-10-22 22:24:52.164 DEBUG 16228 --- [background-preinit] o.h.v.i.engine.ValidatorFactoryImpl      : HV000234: Using org.hibernate.validator.messageinterpolation.ResourceBundleMessageInterpolator as ValidatorFactory-scoped message interpolator.
2019-10-22 22:24:52.164 DEBUG 16228 --- [background-preinit] o.h.v.i.engine.ValidatorFactoryImpl      : HV000234: Using org.hibernate.validator.internal.engine.resolver.JPATraversableResolver as ValidatorFactory-scoped traversable resolver.
2019-10-22 22:24:52.164 DEBUG 16228 --- [background-preinit] o.h.v.i.engine.ValidatorFactoryImpl      : HV000234: Using org.hibernate.validator.internal.util.ExecutableParameterNameProvider as ValidatorFactory-scoped parameter name provider.
2019-10-22 22:24:52.164 DEBUG 16228 --- [background-preinit] o.h.v.i.engine.ValidatorFactoryImpl      : HV000234: Using org.hibernate.validator.internal.engine.DefaultClockProvider as ValidatorFactory-scoped clock provider.
2019-10-22 22:24:52.164 DEBUG 16228 --- [background-preinit] o.h.v.i.engine.ValidatorFactoryImpl      : HV000234: Using org.hibernate.validator.internal.engine.scripting.DefaultScriptEvaluatorFactory as ValidatorFactory-scoped script evaluator factory.
2019-10-22 22:24:52.367  INFO 16228 --- [main] c.t.p.c.ParkingLotControllerTest         : Starting ParkingLotControllerTest on artiele with PID 16228 (started by lartiend in C:\Users\lartiend\Desktop\Parking-Lot-Template-2019-10-11-2-23-48-95)
2019-10-22 22:24:52.367  INFO 16228 --- [main] c.t.p.c.ParkingLotControllerTest         : The following profiles are active: test
2019-10-22 22:24:52.398 DEBUG 16228 --- [main] o.s.w.c.s.GenericWebApplicationContext   : Refreshing org.springframework.web.context.support.GenericWebApplicationContext@46dffdc3
2019-10-22 22:24:54.382 DEBUG 16228 --- [main] o.h.v.i.e.resolver.TraversableResolvers  : Found javax.persistence.Persistence on classpath containing 'getPersistenceUtil'. Assuming JPA 2 environment. Trying to instantiate JPA aware TraversableResolver
2019-10-22 22:24:54.382 DEBUG 16228 --- [main] o.h.v.i.e.resolver.TraversableResolvers  : Instantiated JPA aware TraversableResolver of type org.hibernate.validator.internal.engine.resolver.JPATraversableResolver.
2019-10-22 22:24:54.382 DEBUG 16228 --- [main] .h.v.m.ResourceBundleMessageInterpolator : Loaded expression factory via original TCCL
2019-10-22 22:24:54.398 DEBUG 16228 --- [main] o.h.v.i.e.resolver.TraversableResolvers  : Found javax.persistence.Persistence on classpath containing 'getPersistenceUtil'. Assuming JPA 2 environment. Trying to instantiate JPA aware TraversableResolver
2019-10-22 22:24:54.398 DEBUG 16228 --- [main] o.h.v.i.e.resolver.TraversableResolvers  : Instantiated JPA aware TraversableResolver of type org.hibernate.validator.internal.engine.resolver.JPATraversableResolver.
2019-10-22 22:24:54.398 DEBUG 16228 --- [main] o.h.v.internal.engine.ConfigurationImpl  : Setting custom MessageInterpolator of type org.springframework.validation.beanvalidation.LocaleContextMessageInterpolator
2019-10-22 22:24:54.398 DEBUG 16228 --- [main] o.h.v.internal.engine.ConfigurationImpl  : Setting custom ConstraintValidatorFactory of type org.springframework.validation.beanvalidation.SpringConstraintValidatorFactory
2019-10-22 22:24:54.398 DEBUG 16228 --- [main] o.h.v.internal.engine.ConfigurationImpl  : Setting custom ParameterNameProvider of type org.springframework.validation.beanvalidation.LocalValidatorFactoryBean$1
2019-10-22 22:24:54.492 DEBUG 16228 --- [main] o.h.v.i.xml.config.ValidationXmlParser   : Trying to load META-INF/validation.xml for XML based Validator configuration.
2019-10-22 22:24:54.492 DEBUG 16228 --- [main] o.h.v.i.xml.config.ResourceLoaderHelper  : Trying to load META-INF/validation.xml via user class loader
2019-10-22 22:24:54.492 DEBUG 16228 --- [main] o.h.v.i.xml.config.ResourceLoaderHelper  : Trying to load META-INF/validation.xml via TCCL
2019-10-22 22:24:54.492 DEBUG 16228 --- [main] o.h.v.i.xml.config.ResourceLoaderHelper  : Trying to load META-INF/validation.xml via Hibernate Validator's class loader
2019-10-22 22:24:54.492 DEBUG 16228 --- [main] o.h.v.i.xml.config.ValidationXmlParser   : No META-INF/validation.xml found. Using annotation based configuration only.
2019-10-22 22:24:54.507 DEBUG 16228 --- [main] o.h.v.i.engine.ValidatorFactoryImpl      : HV000234: Using org.springframework.validation.beanvalidation.LocaleContextMessageInterpolator as ValidatorFactory-scoped message interpolator.
2019-10-22 22:24:54.507 DEBUG 16228 --- [main] o.h.v.i.engine.ValidatorFactoryImpl      : HV000234: Using org.hibernate.validator.internal.engine.resolver.JPATraversableResolver as ValidatorFactory-scoped traversable resolver.
2019-10-22 22:24:54.507 DEBUG 16228 --- [main] o.h.v.i.engine.ValidatorFactoryImpl      : HV000234: Using org.hibernate.validator.internal.util.ExecutableParameterNameProvider as ValidatorFactory-scoped parameter name provider.
2019-10-22 22:24:54.507 DEBUG 16228 --- [main] o.h.v.i.engine.ValidatorFactoryImpl      : HV000234: Using org.hibernate.validator.internal.engine.DefaultClockProvider as ValidatorFactory-scoped clock provider.
2019-10-22 22:24:54.507 DEBUG 16228 --- [main] o.h.v.i.engine.ValidatorFactoryImpl      : HV000234: Using org.hibernate.validator.internal.engine.scripting.DefaultScriptEvaluatorFactory as ValidatorFactory-scoped script evaluator factory.
2019-10-22 22:24:54.679 DEBUG 16228 --- [main] o.s.w.s.handler.SimpleUrlHandlerMapping  : Patterns [/**/favicon.ico] in 'faviconHandlerMapping'
2019-10-22 22:24:55.148  INFO 16228 --- [main] o.s.s.concurrent.ThreadPoolTaskExecutor  : Initializing ExecutorService 'applicationTaskExecutor'
2019-10-22 22:24:55.179 DEBUG 16228 --- [main] s.w.s.m.m.a.RequestMappingHandlerAdapter : ControllerAdvice beans: 0 @ModelAttribute, 0 @InitBinder, 1 RequestBodyAdvice, 1 ResponseBodyAdvice
2019-10-22 22:24:55.273 DEBUG 16228 --- [main] s.w.s.m.m.a.RequestMappingHandlerMapping : 8 mappings in 'requestMappingHandlerMapping'
2019-10-22 22:24:55.335 DEBUG 16228 --- [main] o.s.w.s.handler.SimpleUrlHandlerMapping  : Patterns [/webjars/**, /**] in 'resourceHandlerMapping'
2019-10-22 22:24:55.351 DEBUG 16228 --- [main] .m.m.a.ExceptionHandlerExceptionResolver : ControllerAdvice beans: 1 @ExceptionHandler, 1 ResponseBodyAdvice
2019-10-22 22:24:55.523  INFO 16228 --- [main] o.s.b.t.m.w.SpringBootMockServletContext : Initializing Spring TestDispatcherServlet ''
2019-10-22 22:24:55.523  INFO 16228 --- [main] o.s.t.web.servlet.TestDispatcherServlet  : Initializing Servlet ''
2019-10-22 22:24:55.538  INFO 16228 --- [main] o.s.t.web.servlet.TestDispatcherServlet  : Completed initialization in 15 ms
2019-10-22 22:24:55.585  INFO 16228 --- [main] c.t.p.c.ParkingLotControllerTest         : Started ParkingLotControllerTest in 3.903 seconds (JVM running for 5.979)
2019-10-22 22:24:55.679 DEBUG 16228 --- [main] s.w.s.m.m.a.RequestMappingHandlerMapping : Mapped to public com.thoughtworks.parking_lot.entity.ParkingLot com.thoughtworks.parking_lot.controller.ParkingLotController.deleteParkingLot(java.lang.String) throws javassist.NotFoundException
2019-10-22 22:24:55.819 DEBUG 16228 --- [main] m.m.a.RequestResponseBodyMethodProcessor : Using 'application/json', given [*/*] and supported [application/json, application/*+json, application/json, application/*+json]
2019-10-22 22:24:55.835 DEBUG 16228 --- [main] m.m.a.RequestResponseBodyMethodProcessor : Writing [com.thoughtworks.parking_lot.entity.ParkingLot@41dc0598]
2019-10-22 22:24:55.866 DEBUG 16228 --- [Thread-2] o.s.w.c.s.GenericWebApplicationContext   : Closing org.springframework.web.context.support.GenericWebApplicationContext@46dffdc3, started on Tue Oct 22 22:24:52 SGT 2019
2019-10-22 22:24:55.866  INFO 16228 --- [Thread-2] o.s.s.concurrent.ThreadPoolTaskExecutor  : Shutting down ExecutorService 'applicationTaskExecutor'
